<?xml version="1.0" encoding="UTF-8"?>
<!-- Generated by org.testng.reporters.JUnitReportReporter -->
<testsuite skipped="0" hostname="Adi" name="com.demo.test.AuctionManageTest" tests="1" failures="0" timestamp="04 May 2020 12:26:07 GMT" time="14.472" errors="0">
  <testcase name="auctionManageTest" time="14.472" classname="com.demo.test.AuctionManageTest"/>
</testsuite> <!-- com.demo.test.AuctionManageTest -->
