<?xml version="1.0" encoding="UTF-8"?>
<!-- Generated by org.testng.reporters.JUnitReportReporter -->
<testsuite skipped="0" hostname="Adi" name="com.demo.test.SellerBidDataTest" tests="1" failures="0" timestamp="04 May 2020 11:45:32 GMT" time="25.437" errors="0">
  <testcase name="sellerLoginTest" time="25.437" classname="com.demo.test.SellerBidDataTest"/>
</testsuite> <!-- com.demo.test.SellerBidDataTest -->
