<?xml version="1.0" encoding="UTF-8"?>
<!-- Generated by org.testng.reporters.JUnitReportReporter -->
<testsuite skipped="0" hostname="Adi" name="com.demo.test.UserAuctionTest" tests="1" failures="0" timestamp="04 May 2020 11:58:08 GMT" time="23.063" errors="0">
  <testcase name="userDefinedTest" time="23.063" classname="com.demo.test.UserAuctionTest"/>
</testsuite> <!-- com.demo.test.UserAuctionTest -->
